# JRE version: OpenJDK Runtime Environment Corretto-18.0.2.9.1 (18.0.2+9) (build 18.0.2+9-FR)
# Java VM: OpenJDK 64-Bit Server VM Corretto-18.0.2.9.1 (18.0.2+9-FR, mixed mode, sharing, tiered, compressed oops, compressed class ptrs, g1 gc, windows-amd64)
GC Precious Log:
 CardTable entry size: 512
 Card Set container configuration: InlinePtr #cards 5 size 8 Array Of Cards #cards 12 size 40 Howl #buckets 4 coarsen threshold 1843 Howl Bitmap #cards 512 size 80 coarsen threshold 460 Card regions per heap region 1 cards per card region 2048
 CPUs: 4 total, 4 available
 Memory: 4012M
 Large Page Support: Disabled
 NUMA Support: Disabled
 Compressed Oops: Enabled (32-bit)
 Heap Region Size: 1M
 Heap Min Capacity: 8M
 Heap Initial Capacity: 64M
 Heap Max Capacity: 1004M
 Pre-touch: Disabled
 Parallel Workers: 4
 Concurrent Workers: 1
 Concurrent Refinement Workers: 4
 Periodic GC: Disabled
Heap:
 garbage-first heap   total 65536K, used 29207K [0x00000000c1400000, 0x0000000100000000)
  region size 1024K, 25 young (25600K), 3 survivors (3072K)
 Metaspace       used 16698K, committed 16896K, reserved 1114112K
  class space    used 2066K, committed 2176K, reserved 1048576K
GC Heap History (6 events):
Event: 1.692 GC heap before
{Heap before GC invocations=0 (full 0):
 garbage-first heap   total 65536K, used 13312K [0x00000000c1400000, 0x0000000100000000)
  region size 1024K, 13 young (13312K), 0 survivors (0K)
 Metaspace       used 3020K, committed 3200K, reserved 1114112K
  class space    used 300K, committed 384K, reserved 1048576K
}
Event: 1.714 GC heap after
{Heap after GC invocations=1 (full 0):
 garbage-first heap   total 65536K, used 6470K [0x00000000c1400000, 0x0000000100000000)
  region size 1024K, 2 young (2048K), 2 survivors (2048K)
 Metaspace       used 3020K, committed 3200K, reserved 1114112K
  class space    used 300K, committed 384K, reserved 1048576K
}
Event: 2.390 GC heap before
{Heap before GC invocations=1 (full 0):
 garbage-first heap   total 65536K, used 15686K [0x00000000c1400000, 0x0000000100000000)
  region size 1024K, 11 young (11264K), 2 survivors (2048K)
 Metaspace       used 5263K, committed 5440K, reserved 1114112K
  class space    used 637K, committed 704K, reserved 1048576K
}
Event: 2.398 GC heap after
{Heap after GC invocations=2 (full 0):
 garbage-first heap   total 65536K, used 7113K [0x00000000c1400000, 0x0000000100000000)
  region size 1024K, 1 young (1024K), 1 survivors (1024K)
 Metaspace       used 5263K, committed 5440K, reserved 1114112K
  class space    used 637K, committed 704K, reserved 1048576K
}
Event: 4.272 GC heap before
{Heap before GC invocations=2 (full 0):
 garbage-first heap   total 65536K, used 28617K [0x00000000c1400000, 0x0000000100000000)
  region size 1024K, 22 young (22528K), 1 survivors (1024K)
 Metaspace       used 11188K, committed 11392K, reserved 1114112K
  class space    used 1408K, committed 1472K, reserved 1048576K
}
Event: 4.282 GC heap after
{Heap after GC invocations=3 (full 0):
 garbage-first heap   total 65536K, used 8727K [0x00000000c1400000, 0x0000000100000000)
  region size 1024K, 3 young (3072K), 3 survivors (3072K)
 Metaspace       used 11188K, committed 11392K, reserved 1114112K
  class space    used 1408K, committed 1472K, reserved 1048576K
}

