# JRE version: OpenJDK Runtime Environment Corretto-18.0.2.9.1 (18.0.2+9) (build 18.0.2+9-FR)
# Java VM: OpenJDK 64-Bit Server VM Corretto-18.0.2.9.1 (18.0.2+9-FR, mixed mode, sharing, tiered, compressed oops, compressed class ptrs, g1 gc, windows-amd64)
GC Precious Log:
 CardTable entry size: 512
 Card Set container configuration: InlinePtr #cards 5 size 8 Array Of Cards #cards 12 size 40 Howl #buckets 4 coarsen threshold 1843 Howl Bitmap #cards 512 size 80 coarsen threshold 460 Card regions per heap region 1 cards per card region 2048
 CPUs: 4 total, 4 available
 Memory: 4012M
 Large Page Support: Disabled
 NUMA Support: Disabled
 Compressed Oops: Enabled (32-bit)
 Heap Region Size: 1M
 Heap Min Capacity: 8M
 Heap Initial Capacity: 64M
 Heap Max Capacity: 1004M
 Pre-touch: Disabled
 Parallel Workers: 4
 Concurrent Workers: 1
 Concurrent Refinement Workers: 4
 Periodic GC: Disabled
Heap:
 garbage-first heap   total 96256K, used 54175K [0x00000000c1400000, 0x0000000100000000)
  region size 1024K, 38 young (38912K), 1 survivors (1024K)
 Metaspace       used 51148K, committed 51648K, reserved 1114112K
  class space    used 6837K, committed 7104K, reserved 1048576K
GC Heap History (20 events):
Event: 3.485 GC heap before
{Heap before GC invocations=2 (full 0):
 garbage-first heap   total 65536K, used 26862K [0x00000000c1400000, 0x0000000100000000)
  region size 1024K, 22 young (22528K), 2 survivors (2048K)
 Metaspace       used 11600K, committed 11776K, reserved 1114112K
  class space    used 1475K, committed 1536K, reserved 1048576K
}
Event: 3.495 GC heap after
{Heap after GC invocations=3 (full 0):
 garbage-first heap   total 65536K, used 8965K [0x00000000c1400000, 0x0000000100000000)
  region size 1024K, 2 young (2048K), 2 survivors (2048K)
 Metaspace       used 11600K, committed 11776K, reserved 1114112K
  class space    used 1475K, committed 1536K, reserved 1048576K
}
Event: 4.348 GC heap before
{Heap before GC invocations=3 (full 0):
 garbage-first heap   total 65536K, used 39685K [0x00000000c1400000, 0x0000000100000000)
  region size 1024K, 33 young (33792K), 2 survivors (2048K)
 Metaspace       used 19123K, committed 19392K, reserved 1114112K
  class space    used 2406K, committed 2496K, reserved 1048576K
}
Event: 4.357 GC heap after
{Heap after GC invocations=4 (full 0):
 garbage-first heap   total 65536K, used 11323K [0x00000000c1400000, 0x0000000100000000)
  region size 1024K, 4 young (4096K), 4 survivors (4096K)
 Metaspace       used 19123K, committed 19392K, reserved 1114112K
  class space    used 2406K, committed 2496K, reserved 1048576K
}
Event: 5.213 GC heap before
{Heap before GC invocations=4 (full 0):
 garbage-first heap   total 65536K, used 28731K [0x00000000c1400000, 0x0000000100000000)
  region size 1024K, 22 young (22528K), 4 survivors (4096K)
 Metaspace       used 21248K, committed 21504K, reserved 1114112K
  class space    used 2647K, committed 2816K, reserved 1048576K
}
Event: 5.225 GC heap after
{Heap after GC invocations=5 (full 0):
 garbage-first heap   total 65536K, used 12753K [0x00000000c1400000, 0x0000000100000000)
  region size 1024K, 4 young (4096K), 4 survivors (4096K)
 Metaspace       used 21248K, committed 21504K, reserved 1114112K
  class space    used 2647K, committed 2816K, reserved 1048576K
}
Event: 6.465 GC heap before
{Heap before GC invocations=6 (full 0):
 garbage-first heap   total 48128K, used 37329K [0x00000000c1400000, 0x0000000100000000)
  region size 1024K, 28 young (28672K), 4 survivors (4096K)
 Metaspace       used 25684K, committed 26112K, reserved 1114112K
  class space    used 3297K, committed 3520K, reserved 1048576K
}
Event: 6.482 GC heap after
{Heap after GC invocations=7 (full 0):
 garbage-first heap   total 48128K, used 15082K [0x00000000c1400000, 0x0000000100000000)
  region size 1024K, 4 young (4096K), 4 survivors (4096K)
 Metaspace       used 25684K, committed 26112K, reserved 1114112K
  class space    used 3297K, committed 3520K, reserved 1048576K
}
Event: 6.517 GC heap before
{Heap before GC invocations=7 (full 0):
 garbage-first heap   total 48128K, used 16106K [0x00000000c1400000, 0x0000000100000000)
  region size 1024K, 5 young (5120K), 4 survivors (4096K)
 Metaspace       used 25830K, committed 26240K, reserved 1114112K
  class space    used 3311K, committed 3520K, reserved 1048576K
}
Event: 6.533 GC heap after
{Heap after GC invocations=8 (full 0):
 garbage-first heap   total 48128K, used 15612K [0x00000000c1400000, 0x0000000100000000)
  region size 1024K, 1 young (1024K), 1 survivors (1024K)
 Metaspace       used 25830K, committed 26240K, reserved 1114112K
  class space    used 3311K, committed 3520K, reserved 1048576K
}
Event: 7.120 GC heap before
{Heap before GC invocations=8 (full 0):
 garbage-first heap   total 48128K, used 33020K [0x00000000c1400000, 0x0000000100000000)
  region size 1024K, 19 young (19456K), 1 survivors (1024K)
 Metaspace       used 30752K, committed 31168K, reserved 1114112K
  class space    used 3874K, committed 4032K, reserved 1048576K
}
Event: 7.124 GC heap after
{Heap after GC invocations=9 (full 0):
 garbage-first heap   total 48128K, used 16294K [0x00000000c1400000, 0x0000000100000000)
  region size 1024K, 2 young (2048K), 2 survivors (2048K)
 Metaspace       used 30752K, committed 31168K, reserved 1114112K
  class space    used 3874K, committed 4032K, reserved 1048576K
}
Event: 7.898 GC heap before
{Heap before GC invocations=9 (full 0):
 garbage-first heap   total 48128K, used 33702K [0x00000000c1400000, 0x0000000100000000)
  region size 1024K, 20 young (20480K), 2 survivors (2048K)
 Metaspace       used 35508K, committed 35904K, reserved 1114112K
  class space    used 4573K, committed 4736K, reserved 1048576K
}
Event: 7.904 GC heap after
{Heap after GC invocations=10 (full 0):
 garbage-first heap   total 48128K, used 17090K [0x00000000c1400000, 0x0000000100000000)
  region size 1024K, 3 young (3072K), 3 survivors (3072K)
 Metaspace       used 35508K, committed 35904K, reserved 1114112K
  class space    used 4573K, committed 4736K, reserved 1048576K
}
Event: 7.958 GC heap before
{Heap before GC invocations=10 (full 0):
 garbage-first heap   total 48128K, used 18114K [0x00000000c1400000, 0x0000000100000000)
  region size 1024K, 5 young (5120K), 3 survivors (3072K)
 Metaspace       used 35779K, committed 36160K, reserved 1114112K
  class space    used 4620K, committed 4800K, reserved 1048576K
}
Event: 7.965 GC heap after
{Heap after GC invocations=11 (full 0):
 garbage-first heap   total 48128K, used 17300K [0x00000000c1400000, 0x0000000100000000)
  region size 1024K, 1 young (1024K), 1 survivors (1024K)
 Metaspace       used 35779K, committed 36160K, reserved 1114112K
  class space    used 4620K, committed 4800K, reserved 1048576K
}
Event: 8.689 GC heap before
{Heap before GC invocations=12 (full 0):
 garbage-first heap   total 48128K, used 36756K [0x00000000c1400000, 0x0000000100000000)
  region size 1024K, 20 young (20480K), 1 survivors (1024K)
 Metaspace       used 41080K, committed 41600K, reserved 1114112K
  class space    used 5331K, committed 5568K, reserved 1048576K
}
Event: 8.697 GC heap after
{Heap after GC invocations=13 (full 0):
 garbage-first heap   total 48128K, used 18297K [0x00000000c1400000, 0x0000000100000000)
  region size 1024K, 2 young (2048K), 2 survivors (2048K)
 Metaspace       used 41080K, committed 41600K, reserved 1114112K
  class space    used 5331K, committed 5568K, reserved 1048576K
}
Event: 8.735 GC heap before
{Heap before GC invocations=13 (full 0):
 garbage-first heap   total 48128K, used 19321K [0x00000000c1400000, 0x0000000100000000)
  region size 1024K, 3 young (3072K), 2 survivors (2048K)
 Metaspace       used 41290K, committed 41728K, reserved 1114112K
  class space    used 5367K, committed 5568K, reserved 1048576K
}
Event: 8.745 GC heap after
{Heap after GC invocations=14 (full 0):
 garbage-first heap   total 96256K, used 18335K [0x00000000c1400000, 0x0000000100000000)
  region size 1024K, 1 young (1024K), 1 survivors (1024K)
 Metaspace       used 41290K, committed 41728K, reserved 1114112K
  class space    used 5367K, committed 5568K, reserved 1048576K
}

